This is pdfTeX, Version 3.141592653-2.6-1.40.27 (MiKTeX 25.4) (preloaded format=pdflatex 2025.9.8)  11 SEP 2025 15:06
entering extended mode
 restricted \write18 enabled.
 file:line:error style messages enabled.
 %&-line parsing enabled.
**d:/study/eecs460/hw/hw1/hw1.tex
(d:/study/eecs460/hw/hw1/hw1.tex
LaTeX2e <2025-06-01> patch level 1
L3 programming layer <2025-08-13>
(D:\MiKTeX\tex/latex/base\article.cls
Document Class: article 2025/01/22 v1.4n Standard LaTeX document class
(D:\MiKTeX\tex/latex/base\size12.clo
File: size12.clo 2025/01/22 v1.4n Standard LaTeX file (size option)
)
\c@part=\count275
\c@section=\count276
\c@subsection=\count277
\c@subsubsection=\count278
\c@paragraph=\count279
\c@subparagraph=\count280
\c@figure=\count281
\c@table=\count282
\abovecaptionskip=\skip49
\belowcaptionskip=\skip50
\bibindent=\dimen148
) (D:\MiKTeX\tex/latex/amsmath\amsmath.sty
Package: amsmath 2025/06/16 v2.17y AMS math features
\@mathmargin=\skip51

For additional information on amsmath, use the `?' option.
(D:\MiKTeX\tex/latex/amsmath\amstext.sty
Package: amstext 2024/11/17 v2.01 AMS text
 (D:\MiKTeX\tex/latex/amsmath\amsgen.sty
File: amsgen.sty 1999/11/30 v2.0 generic functions
\@emptytoks=\toks17
\ex@=\dimen149
)) (D:\MiKTeX\tex/latex/amsmath\amsbsy.sty
Package: amsbsy 1999/11/29 v1.2d Bold Symbols
\pmbraise@=\dimen150
) (D:\MiKTeX\tex/latex/amsmath\amsopn.sty
Package: amsopn 2022/04/08 v2.04 operator names
)
\inf@bad=\count283
LaTeX Info: Redefining \frac on input line 233.
\uproot@=\count284
\leftroot@=\count285
LaTeX Info: Redefining \overline on input line 398.
LaTeX Info: Redefining \colon on input line 409.
\classnum@=\count286
\DOTSCASE@=\count287
LaTeX Info: Redefining \ldots on input line 495.
LaTeX Info: Redefining \dots on input line 498.
LaTeX Info: Redefining \cdots on input line 619.
\Mathstrutbox@=\box53
\strutbox@=\box54
LaTeX Info: Redefining \big on input line 721.
LaTeX Info: Redefining \Big on input line 722.
LaTeX Info: Redefining \bigg on input line 723.
LaTeX Info: Redefining \Bigg on input line 724.
\big@size=\dimen151
LaTeX Font Info:    Redeclaring font encoding OML on input line 742.
LaTeX Font Info:    Redeclaring font encoding OMS on input line 743.
\macc@depth=\count288
LaTeX Info: Redefining \bmod on input line 904.
LaTeX Info: Redefining \pmod on input line 909.
LaTeX Info: Redefining \smash on input line 939.
LaTeX Info: Redefining \relbar on input line 969.
LaTeX Info: Redefining \Relbar on input line 970.
\c@MaxMatrixCols=\count289
\dotsspace@=\muskip17
\c@parentequation=\count290
\dspbrk@lvl=\count291
\tag@help=\toks18
\row@=\count292
\column@=\count293
\maxfields@=\count294
\andhelp@=\toks19
\eqnshift@=\dimen152
\alignsep@=\dimen153
\tagshift@=\dimen154
\tagwidth@=\dimen155
\totwidth@=\dimen156
\lineht@=\dimen157
\@envbody=\toks20
\multlinegap=\skip52
\multlinetaggap=\skip53
\mathdisplay@stack=\toks21
LaTeX Info: Redefining \[ on input line 2949.
LaTeX Info: Redefining \] on input line 2950.
) (D:\MiKTeX\tex/latex/amsfonts\amssymb.sty
Package: amssymb 2013/01/14 v3.01 AMS font symbols
 (D:\MiKTeX\tex/latex/amsfonts\amsfonts.sty
Package: amsfonts 2013/01/14 v3.01 Basic AMSFonts support
\symAMSa=\mathgroup4
\symAMSb=\mathgroup5
LaTeX Font Info:    Redeclaring math symbol \hbar on input line 98.
LaTeX Font Info:    Overwriting math alphabet `\mathfrak' in version `bold'
(Font)                  U/euf/m/n --> U/euf/b/n on input line 106.
)) (D:\MiKTeX\tex/latex/geometry\geometry.sty
Package: geometry 2020/01/02 v5.9 Page Geometry
 (D:\MiKTeX\tex/latex/graphics\keyval.sty
Package: keyval 2022/05/29 v1.15 key=value parser (DPC)
\KV@toks@=\toks22
) (D:\MiKTeX\tex/generic/iftex\ifvtex.sty
Package: ifvtex 2019/10/25 v1.7 ifvtex legacy package. Use iftex instead.
 (D:\MiKTeX\tex/generic/iftex\iftex.sty
Package: iftex 2024/12/12 v1.0g TeX engine tests
))
\Gm@cnth=\count295
\Gm@cntv=\count296
\c@Gm@tempcnt=\count297
\Gm@bindingoffset=\dimen158
\Gm@wd@mp=\dimen159
\Gm@odd@mp=\dimen160
\Gm@even@mp=\dimen161
\Gm@layoutwidth=\dimen162
\Gm@layoutheight=\dimen163
\Gm@layouthoffset=\dimen164
\Gm@layoutvoffset=\dimen165
\Gm@dimlist=\toks23
 (D:\MiKTeX\tex/latex/geometry\geometry.cfg)) (D:\MiKTeX\tex/latex/graphics\graphicx.sty
Package: graphicx 2024/12/31 v1.2e Enhanced LaTeX Graphics (DPC,SPQR)
 (D:\MiKTeX\tex/latex/graphics\graphics.sty
Package: graphics 2024/08/06 v1.4g Standard LaTeX Graphics (DPC,SPQR)
 (D:\MiKTeX\tex/latex/graphics\trig.sty
Package: trig 2023/12/02 v1.11 sin cos tan (DPC)
) (D:\MiKTeX\tex/latex/graphics-cfg\graphics.cfg
File: graphics.cfg 2016/06/04 v1.11 sample graphics configuration
)
Package graphics Info: Driver file: pdftex.def on input line 106.
 (D:\MiKTeX\tex/latex/graphics-def\pdftex.def
File: pdftex.def 2024/04/13 v1.2c Graphics/color driver for pdftex
))
\Gin@req@height=\dimen166
\Gin@req@width=\dimen167
) (D:\MiKTeX\tex/latex/enumitem\enumitem.sty
Package: enumitem 2025/02/06 v3.11 Customized lists
\labelindent=\skip54
\enit@outerparindent=\dimen168
\enit@toks=\toks24
\enit@inbox=\box55
\enit@count@id=\count298
\enitdp@description=\count299
) (D:\MiKTeX\tex/latex/l3backend\l3backend-pdftex.def
File: l3backend-pdftex.def 2025-06-09 L3 backend support: PDF output (pdfTeX)
\l__color_backend_stack_int=\count300
) (hw1.aux)
\openout1 = `hw1.aux'.

LaTeX Font Info:    Checking defaults for OML/cmm/m/it on input line 12.
LaTeX Font Info:    ... okay on input line 12.
LaTeX Font Info:    Checking defaults for OMS/cmsy/m/n on input line 12.
LaTeX Font Info:    ... okay on input line 12.
LaTeX Font Info:    Checking defaults for OT1/cmr/m/n on input line 12.
LaTeX Font Info:    ... okay on input line 12.
LaTeX Font Info:    Checking defaults for T1/cmr/m/n on input line 12.
LaTeX Font Info:    ... okay on input line 12.
LaTeX Font Info:    Checking defaults for TS1/cmr/m/n on input line 12.
LaTeX Font Info:    ... okay on input line 12.
LaTeX Font Info:    Checking defaults for OMX/cmex/m/n on input line 12.
LaTeX Font Info:    ... okay on input line 12.
LaTeX Font Info:    Checking defaults for U/cmr/m/n on input line 12.
LaTeX Font Info:    ... okay on input line 12.

*geometry* driver: auto-detecting
*geometry* detected driver: pdftex
*geometry* verbose mode - [ preamble ] result:
* driver: pdftex
* paper: a4paper
* layout: <same size as paper>
* layoutoffset:(h,v)=(0.0pt,0.0pt)
* modes: 
* h-part:(L,W,R)=(72.26999pt, 452.9679pt, 72.26999pt)
* v-part:(T,H,B)=(72.26999pt, 700.50687pt, 72.26999pt)
* \paperwidth=597.50787pt
* \paperheight=845.04684pt
* \textwidth=452.9679pt
* \textheight=700.50687pt
* \oddsidemargin=0.0pt
* \evensidemargin=0.0pt
* \topmargin=-37.0pt
* \headheight=12.0pt
* \headsep=25.0pt
* \topskip=12.0pt
* \footskip=30.0pt
* \marginparwidth=44.0pt
* \marginparsep=10.0pt
* \columnsep=10.0pt
* \skip\footins=10.8pt plus 4.0pt minus 2.0pt
* \hoffset=0.0pt
* \voffset=0.0pt
* \mag=1000
* \@twocolumnfalse
* \@twosidefalse
* \@mparswitchfalse
* \@reversemarginfalse
* (1in=72.27pt=25.4mm, 1cm=28.453pt)

(D:\MiKTeX\tex/context/base/mkii\supp-pdf.mkii
[Loading MPS to PDF converter (version 2006.09.02).]
\scratchcounter=\count301
\scratchdimen=\dimen169
\scratchbox=\box56
\nofMPsegments=\count302
\nofMParguments=\count303
\everyMPshowfont=\toks25
\MPscratchCnt=\count304
\MPscratchDim=\dimen170
\MPnumerator=\count305
\makeMPintoPDFobject=\count306
\everyMPtoPDFconversion=\toks26
) (D:\MiKTeX\tex/latex/epstopdf-pkg\epstopdf-base.sty
Package: epstopdf-base 2020-01-24 v2.11 Base part for package epstopdf
Package epstopdf-base Info: Redefining graphics rule for `.eps' on input line 485.
 (D:\MiKTeX\tex/latex/00miktex\epstopdf-sys.cfg
File: epstopdf-sys.cfg 2021/03/18 v2.0 Configuration of epstopdf for MiKTeX
))
LaTeX Font Info:    Trying to load font information for U+msa on input line 14.
 (D:\MiKTeX\tex/latex/amsfonts\umsa.fd
File: umsa.fd 2013/01/14 v3.01 AMS symbols A
)
LaTeX Font Info:    Trying to load font information for U+msb on input line 14.
 (D:\MiKTeX\tex/latex/amsfonts\umsb.fd
File: umsb.fd 2013/01/14 v3.01 AMS symbols B
)

[1

{C:/Users/64892/AppData/Local/MiKTeX/fonts/map/pdftex/pdftex.map}]
<Hw1_Q2BDa.png, id=11, 708.6475pt x 274.02374pt>
File: Hw1_Q2BDa.png Graphic file (type png)
<use Hw1_Q2BDa.png>
Package pdftex.def Info: Hw1_Q2BDa.png  used on input line 83.
(pdftex.def)             Requested size: 271.7835pt x 105.09596pt.
<Hw1_Q2BDb.png, id=13, 728.7225pt x 352.31625pt>
File: Hw1_Q2BDb.png Graphic file (type png)
<use Hw1_Q2BDb.png>
Package pdftex.def Info: Hw1_Q2BDb.png  used on input line 87.
(pdftex.def)             Requested size: 271.7835pt x 131.39789pt.


[2 <./Hw1_Q2BDa.png>]
<Q2sima.png, id=18, 845.1575pt x 598.235pt>
File: Q2sima.png Graphic file (type png)
<use Q2sima.png>
Package pdftex.def Info: Q2sima.png  used on input line 92.
(pdftex.def)             Requested size: 271.7835pt x 192.37932pt.
<Q2simb.png, id=19, 597.23125pt x 845.1575pt>
File: Q2simb.png Graphic file (type png)
<use Q2simb.png>
Package pdftex.def Info: Q2simb.png  used on input line 96.
(pdftex.def)             Requested size: 271.7835pt x 384.61174pt.


[3 <./Hw1_Q2BDb.png> <./Q2sima.png>]
<Q2mata.png, id=49, 662.475pt x 435.0654pt>
File: Q2mata.png Graphic file (type png)
<use Q2mata.png>
Package pdftex.def Info: Q2mata.png  used on input line 101.
(pdftex.def)             Requested size: 271.7835pt x 178.48418pt.
<Q2matb.png, id=50, 654.7662pt x 434.5836pt>
File: Q2matb.png Graphic file (type png)
<use Q2matb.png>
Package pdftex.def Info: Q2matb.png  used on input line 105.
(pdftex.def)             Requested size: 271.7835pt x 180.38861pt.


[4 <./Q2simb.png> <./Q2mata.png (PNG copy)>]

[5 <./Q2matb.png (PNG copy)>]
<Q5sim.png, id=78, 597.23125pt x 845.1575pt>
File: Q5sim.png Graphic file (type png)
<use Q5sim.png>
Package pdftex.def Info: Q5sim.png  used on input line 181.
(pdftex.def)             Requested size: 271.7835pt x 384.61174pt.


[6]
<Q6.png, id=83, 501.875pt x 180.675pt>
File: Q6.png Graphic file (type png)
<use Q6.png>
Package pdftex.def Info: Q6.png  used on input line 196.
(pdftex.def)             Requested size: 271.7835pt x 97.84698pt.
<matlab1.png, id=84, 1275.76625pt x 614.295pt>
File: matlab1.png Graphic file (type png)
<use matlab1.png>
Package pdftex.def Info: matlab1.png  used on input line 203.
(pdftex.def)             Requested size: 271.7835pt x 130.86168pt.
<matlab2.png, id=85, 1247.66125pt x 464.73625pt>
File: matlab2.png Graphic file (type png)
<use matlab2.png>
Package pdftex.def Info: matlab2.png  used on input line 204.
(pdftex.def)             Requested size: 271.7835pt x 101.23532pt.
<matlab3.png, id=86, 1209.51875pt x 426.59375pt>
File: matlab3.png Graphic file (type png)
<use matlab3.png>
Package pdftex.def Info: matlab3.png  used on input line 205.
(pdftex.def)             Requested size: 271.7835pt x 95.85577pt.
<simulink1.png, id=87, 838.13126pt x 621.32124pt>
File: simulink1.png Graphic file (type png)
<use simulink1.png>
Package pdftex.def Info: simulink1.png  used on input line 206.
(pdftex.def)             Requested size: 271.7835pt x 201.47194pt.
<simulink2.png, id=88, 886.31125pt x 503.8825pt>
File: simulink2.png Graphic file (type png)
<use simulink2.png>
Package pdftex.def Info: simulink2.png  used on input line 207.
(pdftex.def)             Requested size: 271.7835pt x 154.51814pt.


[7 <./Q5sim.png> <./Q6.png>]

[8 <./matlab1.png (PNG copy)> <./matlab2.png (PNG copy)> <./matlab3.png (PNG copy)> <./simulink1.png (PNG copy)>]

[9 <./simulink2.png (PNG copy)>] (hw1.aux)
 ***********
LaTeX2e <2025-06-01> patch level 1
L3 programming layer <2025-08-13>
 ***********
 ) 
Here is how much of TeX's memory you used:
 3528 strings out of 468133
 50767 string characters out of 5447548
 463694 words of memory out of 5000000
 32129 multiletter control sequences out of 15000+600000
 634974 words of font info for 72 fonts, out of 8000000 for 9000
 1141 hyphenation exceptions out of 8191
 57i,6n,65p,244b,336s stack positions out of 10000i,1000n,20000p,200000b,200000s
<D:/MiKTeX/fonts/type1/public/amsfonts/cm/cmbx12.pfb><D:/MiKTeX/fonts/type1/public/amsfonts/cm/cmex10.pfb><D:/MiKTeX/fonts/type1/public/amsfonts/cm/cmmi12.pfb><D:/MiKTeX/fonts/type1/public/amsfonts/cm/cmmi8.pfb><D:/MiKTeX/fonts/type1/public/amsfonts/cm/cmr12.pfb><D:/MiKTeX/fonts/type1/public/amsfonts/cm/cmr17.pfb><D:/MiKTeX/fonts/type1/public/amsfonts/cm/cmr6.pfb><D:/MiKTeX/fonts/type1/public/amsfonts/cm/cmr8.pfb><D:/MiKTeX/fonts/type1/public/amsfonts/cm/cmsy10.pfb><D:/MiKTeX/fonts/type1/public/amsfonts/cm/cmsy8.pfb>
Output written on hw1.pdf (9 pages, 488804 bytes).
PDF statistics:
 153 PDF objects out of 1000 (max. 8388607)
 0 named destinations out of 1000 (max. 500000)
 66 words of extra memory for PDF output out of 10000 (max. 10000000)

